<?xml version="1.0" encoding="UTF-8"?>
<!-- Generated by org.testng.reporters.JUnitReportReporter -->
<testsuite hostname="DESKTOP-0VDC3AM" failures="0" tests="4" name="ConnectionFactoryTest" time="0.772" errors="0" timestamp="2023-05-22T22:59:15 EEST" skipped="0">
  <testcase classname="ConnectionFactoryTest" name="testCreateConnection" time="0.043"/>
  <testcase classname="ConnectionFactoryTest" name="testCloseConnection" time="0.599"/>
  <testcase classname="ConnectionFactoryTest" name="testCloseStatement" time="0.050"/>
  <testcase classname="ConnectionFactoryTest" name="testCloseResultSet" time="0.080"/>
</testsuite> <!-- ConnectionFactoryTest -->
